21:05:35.739 [TestNG-test=Test-1] INFO  resources.Base - Driver Initialized!
21:05:38.238 [TestNG-test=Test-2] INFO  resources.Base - Driver Initialized!
21:05:53.225 [TestNG-test=Test-1] INFO  resources.Base - Enter User Name: qu
21:05:53.453 [TestNG-test=Test-1] INFO  resources.Base - Enter Password: 123
21:05:53.711 [TestNG-test=Test-1] INFO  resources.Base - Test Pass!
21:05:54.114 [TestNG-test=Test-1] INFO  resources.Base - Enter User Name: queuecodes@gmail.com
21:05:54.223 [TestNG-test=Test-1] INFO  resources.Base - Enter Password: 1235
21:05:54.313 [TestNG-test=Test-1] INFO  resources.Base - Test Pass!
21:05:54.556 [TestNG-test=Test-1] INFO  resources.Base - Enter User Name: queuue@gamil.com
21:05:54.672 [TestNG-test=Test-1] INFO  resources.Base - Enter Password: 123456
21:05:54.753 [TestNG-test=Test-1] INFO  resources.Base - Test Pass!
21:05:54.942 [TestNG-test=Test-2] INFO  resources.Base - Login successfully Done!
21:05:54.982 [TestNG-test=Test-1] INFO  resources.Base - Enter User Name: 
21:05:54.997 [TestNG-test=Test-2] INFO  resources.Base - Title Validated: Queue Codes | Dashboard
21:05:55.253 [TestNG-test=Test-1] INFO  resources.Base - Enter Password: 
21:05:55.335 [TestNG-test=Test-1] INFO  resources.Base - Test Pass!
21:05:55.522 [TestNG-test=Test-1] INFO  resources.Base - Enter User Name: queuecodes@gmail.com
21:05:55.590 [TestNG-test=Test-1] INFO  resources.Base - Enter Password: 
21:05:55.657 [TestNG-test=Test-1] INFO  resources.Base - Test Pass!
21:05:55.864 [TestNG-test=Test-1] INFO  resources.Base - Enter User Name: 
21:05:55.955 [TestNG-test=Test-1] INFO  resources.Base - Enter Password: 123456
21:05:56.054 [TestNG-test=Test-1] INFO  resources.Base - Test Pass!
21:05:56.459 [TestNG-test=Test-1] INFO  resources.Base - Enter User Name: queuecodes@gmail.com
21:05:56.555 [TestNG-test=Test-1] INFO  resources.Base - Enter Password: 123456
21:05:57.188 [TestNG-test=Test-1] INFO  resources.Base - Test Pass!
21:06:10.237 [TestNG-test=Test-2] INFO  resources.Base - Driver Initialized!
21:06:10.237 [TestNG-test=Test-1] INFO  resources.Base - Driver Initialize successfully!
21:06:19.883 [TestNG-test=Test-2] INFO  resources.Base - Login successfully Done!
21:06:26.077 [TestNG-test=Test-2] INFO  resources.Base - Driver initialize successfully!
21:06:35.231 [TestNG-test=Test-2] INFO  resources.Base - User delete Successfully
21:06:36.536 [TestNG-test=Test-1] INFO  resources.Base - Drag and Drop perform Successfully
21:06:41.599 [TestNG-test=Test-2] INFO  resources.Base - Driver initialize successfully!
21:06:42.606 [TestNG-test=Test-1] INFO  resources.Base - Word Found Successfully!
21:06:50.534 [TestNG-test=Test-2] INFO  resources.Base - Test Passed :Sandeep|10203040|sandeep@gmail.com|
21:06:51.099 [TestNG-test=Test-2] INFO  resources.Base - Test Passed :Sandeep|10203040||11345
21:06:52.104 [TestNG-test=Test-2] INFO  resources.Base - Test Passed :Sandeep||sandeep@gmail.com|11345
21:06:53.010 [TestNG-test=Test-2] INFO  resources.Base - Test Passed :|10203040|sandeep@gmail.com|11345
21:06:53.611 [TestNG-test=Test-2] INFO  resources.Base - Test Passed :Sandeep|||11345
21:06:54.115 [TestNG-test=Test-2] INFO  resources.Base - Test Passed :Sandeep|||
21:06:54.454 [TestNG-test=Test-2] INFO  resources.Base - Test Passed :|10203040||
21:06:54.914 [TestNG-test=Test-2] INFO  resources.Base - Test Passed :||sandeep@gmail.com|
21:06:55.340 [TestNG-test=Test-2] INFO  resources.Base - Test Passed :||sandeep@gmail.com|123456
23:29:58.314 [TestNG-test=Test-1] INFO  resources.Base - Driver Initialized!
23:29:58.314 [TestNG-test=Test-2] INFO  resources.Base - Driver Initialized!
23:30:14.885 [TestNG-test=Test-1] INFO  resources.Base - Enter User Name: qu
23:30:15.061 [TestNG-test=Test-1] INFO  resources.Base - Enter Password: 123
23:30:15.562 [TestNG-test=Test-1] INFO  resources.Base - Test Pass!
23:30:17.107 [TestNG-test=Test-1] INFO  resources.Base - Enter User Name: queuecodes@gmail.com
23:30:17.200 [TestNG-test=Test-1] INFO  resources.Base - Enter Password: 1235
23:30:17.280 [TestNG-test=Test-1] INFO  resources.Base - Test Pass!
23:30:17.489 [TestNG-test=Test-1] INFO  resources.Base - Enter User Name: queuue@gamil.com
23:30:17.628 [TestNG-test=Test-1] INFO  resources.Base - Enter Password: 123456
23:30:17.729 [TestNG-test=Test-1] INFO  resources.Base - Test Pass!
23:30:17.914 [TestNG-test=Test-1] INFO  resources.Base - Enter User Name: 
23:30:18.023 [TestNG-test=Test-1] INFO  resources.Base - Enter Password: 
23:30:18.219 [TestNG-test=Test-1] INFO  resources.Base - Test Pass!
23:30:18.734 [TestNG-test=Test-1] INFO  resources.Base - Enter User Name: queuecodes@gmail.com
23:30:18.850 [TestNG-test=Test-1] INFO  resources.Base - Enter Password: 
23:30:18.938 [TestNG-test=Test-1] INFO  resources.Base - Test Pass!
23:30:19.143 [TestNG-test=Test-1] INFO  resources.Base - Enter User Name: 
23:30:19.239 [TestNG-test=Test-1] INFO  resources.Base - Enter Password: 123456
23:30:19.349 [TestNG-test=Test-1] INFO  resources.Base - Test Pass!
23:30:20.454 [TestNG-test=Test-1] INFO  resources.Base - Enter User Name: queuecodes@gmail.com
23:30:20.551 [TestNG-test=Test-1] INFO  resources.Base - Enter Password: 123456
23:30:26.014 [TestNG-test=Test-2] INFO  resources.Base - Login successfully Done!
23:30:26.341 [TestNG-test=Test-2] INFO  resources.Base - Title Validated: Queue Codes | Dashboard
23:30:30.928 [TestNG-test=Test-1] INFO  resources.Base - Test Pass!
23:30:41.874 [TestNG-test=Test-2] INFO  resources.Base - Driver Initialized!
23:30:41.876 [TestNG-test=Test-1] INFO  resources.Base - Driver Initialize successfully!
23:30:58.126 [TestNG-test=Test-2] INFO  resources.Base - Login successfully Done!
23:31:02.997 [TestNG-test=Test-2] INFO  resources.Base - Driver initialize successfully!
23:31:06.562 [TestNG-test=Test-1] INFO  resources.Base - Drag and Drop perform Successfully
23:31:13.287 [TestNG-test=Test-1] INFO  resources.Base - Word Found Successfully!
23:31:17.482 [TestNG-test=Test-1] INFO  resources.Base - Driver initialize successfully!
23:31:20.582 [TestNG-test=Test-2] INFO  resources.Base - User delete Successfully
23:31:28.371 [TestNG-test=Test-1] INFO  resources.Base - Test Passed :Sandeep|10203040|sandeep@gmail.com|
23:31:29.160 [TestNG-test=Test-1] INFO  resources.Base - Test Passed :Sandeep|10203040||11345
23:31:30.016 [TestNG-test=Test-1] INFO  resources.Base - Test Passed :Sandeep||sandeep@gmail.com|11345
23:31:30.649 [TestNG-test=Test-1] INFO  resources.Base - Test Passed :|10203040|sandeep@gmail.com|11345
23:31:31.697 [TestNG-test=Test-1] INFO  resources.Base - Test Passed :Sandeep|||11345
23:31:32.105 [TestNG-test=Test-1] INFO  resources.Base - Test Passed :Sandeep|||
23:31:32.489 [TestNG-test=Test-1] INFO  resources.Base - Test Passed :|10203040||
23:31:32.899 [TestNG-test=Test-1] INFO  resources.Base - Test Passed :||sandeep@gmail.com|
23:31:33.320 [TestNG-test=Test-1] INFO  resources.Base - Test Passed :||sandeep@gmail.com|123456
